<?xml version="1.0" encoding="UTF-8"?>
<!-- Generated by org.testng.reporters.JUnitReportReporter -->
<testsuite hostname="DESKTOP-TC87MBS" failures="0" tests="1" name="practice.Dimple" time="0.002" errors="0" timestamp="2023-12-16T09:59:03 IST" skipped="0">
  <testcase classname="practice.Dimple" name="m3" time="0.002"/>
  <system-out>
    <![CDATA[Hello..]]>
  </system-out>
</testsuite> <!-- practice.Dimple -->
